f2b5060616173fe0adfa8d7a05dad494  Makefile
79121e9a0470a309079bb3c3d7dbdf7a  base/src/Computer.java
195ebe2739308c06d76d6f5a6ccbe188  base/src/Firmware.java
8ea1d1cff0c9846ecfabf0d09ff30387  base/src/IOBuffer.java
c95d74e2b23e0f2fd263215a94557e34  base/src/Machine.java
635b35c95f46a2cb893813421332deef  base/src/Mem.java
7d32e036292131a265fcc4dcbb0efc64  base/src/MemCached.java
bbc041514758332eaa803a182e374636  base/src/MemPaged.java
93cca12e958480a1f8d476d55643bc9f  base/src/MemSimple.java
eb90d25857855032098541c0e46c14e6  base/src/MemStats.java
4101f8bc16830c00c88f854f5f1789d1  base/src/SegFault.java
8516e5b445560b90ca60dacd9fa94ea2  base/test/TestComputer.java
00a3ab81bedf410c1d160d7031550222  base/test/TestIOBuffer.java
43a3564b9c1f4307b13344c737855bd8  base/test/TestMachine.java
117fac2ab897d5e0cd2a0edc16c8a19f  base/test/TestMem.java
14df6c1dcb2f948cb88cd51ad5611542  base/test/TestUtil.java
24c3b46326bdb463b8bab06f592e49ec  base/test/Util.java
854ae97f990be7b0abe4a70ac745e502  deps.mk
0c4ad7e2caac1c8b883726d433c0cee6  firm/src/JhwScm.java
fcd74f001e1375eb4fa1a0d1a90f9e66  firm/test/TestScm.java
7c31b196f0d7530cec0f5304600b0c38  shell/src/Shell.java
2ae750f12225903ed76dc6f5c4690bc0  shell/test/TestShell.java
